<?xml version="1.0" encoding="UTF-8"?>
<testng-results total="13" passed="13" failed="0" skipped="0">
  <reporter-output>
  </reporter-output>
  <suite started-at="2023-06-24T09:56:36Z" name="Default suite" finished-at="2023-06-24T09:57:13Z" duration-ms="36531">
    <groups>
    </groups>
    <test started-at="2023-06-24T09:56:36Z" name="Default test" finished-at="2023-06-24T09:57:13Z" duration-ms="36531">
      <class name="unitech.unitechConsulting.testCases.Career_page_TC_001">
        <test-method is-config="true" signature="setUp()[pri:0, instance:unitech.unitechConsulting.testCases.Career_page_TC_001@6f01b95f]" started-at="2023-06-24T15:56:36Z" name="setUp" finished-at="2023-06-24T15:56:47Z" duration-ms="11208" status="PASS">
          <reporter-output>
          </reporter-output>
        </test-method> <!-- setUp -->
        <test-method signature="TC_001_click_header_career_button()[pri:0, instance:unitech.unitechConsulting.testCases.Career_page_TC_001@6f01b95f]" started-at="2023-06-24T15:56:47Z" name="TC_001_click_header_career_button" finished-at="2023-06-24T15:56:49Z" duration-ms="1606" status="PASS">
          <reporter-output>
          </reporter-output>
        </test-method> <!-- TC_001_click_header_career_button -->
        <test-method signature="TC_002_click_header_Home_button()[pri:0, instance:unitech.unitechConsulting.testCases.Career_page_TC_001@6f01b95f]" started-at="2023-06-24T15:56:49Z" name="TC_002_click_header_Home_button" finished-at="2023-06-24T15:56:50Z" duration-ms="1048" status="PASS">
          <reporter-output>
          </reporter-output>
        </test-method> <!-- TC_002_click_header_Home_button -->
        <test-method signature="TC_003_click_header_AboutUs_button()[pri:0, instance:unitech.unitechConsulting.testCases.Career_page_TC_001@6f01b95f]" started-at="2023-06-24T15:56:50Z" name="TC_003_click_header_AboutUs_button" finished-at="2023-06-24T15:56:52Z" duration-ms="1913" status="PASS">
          <reporter-output>
          </reporter-output>
        </test-method> <!-- TC_003_click_header_AboutUs_button -->
        <test-method signature="TC_004_software_development_dropdown_click()[pri:0, instance:unitech.unitechConsulting.testCases.Career_page_TC_001@6f01b95f]" started-at="2023-06-24T15:56:52Z" name="TC_004_software_development_dropdown_click" finished-at="2023-06-24T15:56:55Z" duration-ms="3273" status="PASS">
          <reporter-output>
          </reporter-output>
        </test-method> <!-- TC_004_software_development_dropdown_click -->
        <test-method signature="TC_005_software_development_dropdown_click()[pri:0, instance:unitech.unitechConsulting.testCases.Career_page_TC_001@6f01b95f]" started-at="2023-06-24T15:56:55Z" name="TC_005_software_development_dropdown_click" finished-at="2023-06-24T15:56:59Z" duration-ms="4199" status="PASS">
          <reporter-output>
          </reporter-output>
        </test-method> <!-- TC_005_software_development_dropdown_click -->
        <test-method signature="TC_006_click_header_ContactUs_button()[pri:0, instance:unitech.unitechConsulting.testCases.Career_page_TC_001@6f01b95f]" started-at="2023-06-24T15:56:59Z" name="TC_006_click_header_ContactUs_button" finished-at="2023-06-24T15:57:01Z" duration-ms="1307" status="PASS">
          <reporter-output>
          </reporter-output>
        </test-method> <!-- TC_006_click_header_ContactUs_button -->
        <test-method signature="TC_009_click_BurgerMenu_AboutUs_button()[pri:0, instance:unitech.unitechConsulting.testCases.Career_page_TC_001@6f01b95f]" started-at="2023-06-24T15:57:01Z" name="TC_009_click_BurgerMenu_AboutUs_button" finished-at="2023-06-24T15:57:01Z" duration-ms="637" status="PASS">
          <reporter-output>
          </reporter-output>
        </test-method> <!-- TC_009_click_BurgerMenu_AboutUs_button -->
        <test-method signature="TC_010_click_BurgerMenu_ContactUs_button()[pri:0, instance:unitech.unitechConsulting.testCases.Career_page_TC_001@6f01b95f]" started-at="2023-06-24T15:57:01Z" name="TC_010_click_BurgerMenu_ContactUs_button" finished-at="2023-06-24T15:57:02Z" duration-ms="821" status="PASS">
          <reporter-output>
          </reporter-output>
        </test-method> <!-- TC_010_click_BurgerMenu_ContactUs_button -->
        <test-method signature="TC_011_click_BurgerMenu_Career_button()[pri:0, instance:unitech.unitechConsulting.testCases.Career_page_TC_001@6f01b95f]" started-at="2023-06-24T15:57:02Z" name="TC_011_click_BurgerMenu_Career_button" finished-at="2023-06-24T15:57:03Z" duration-ms="683" status="PASS">
          <reporter-output>
          </reporter-output>
        </test-method> <!-- TC_011_click_BurgerMenu_Career_button -->
        <test-method signature="TC_012_software_development_BargerMenu_Career_click()[pri:0, instance:unitech.unitechConsulting.testCases.Career_page_TC_001@6f01b95f]" started-at="2023-06-24T15:57:03Z" name="TC_012_software_development_BargerMenu_Career_click" finished-at="2023-06-24T15:57:05Z" duration-ms="2227" status="PASS">
          <reporter-output>
          </reporter-output>
        </test-method> <!-- TC_012_software_development_BargerMenu_Career_click -->
        <test-method signature="TC_013_software_development_dropdown_click()[pri:0, instance:unitech.unitechConsulting.testCases.Career_page_TC_001@6f01b95f]" started-at="2023-06-24T15:57:05Z" name="TC_013_software_development_dropdown_click" finished-at="2023-06-24T15:57:07Z" duration-ms="2287" status="PASS">
          <reporter-output>
          </reporter-output>
        </test-method> <!-- TC_013_software_development_dropdown_click -->
        <test-method signature="TC_014_software_development_dropdown_click()[pri:0, instance:unitech.unitechConsulting.testCases.Career_page_TC_001@6f01b95f]" started-at="2023-06-24T15:57:07Z" name="TC_014_software_development_dropdown_click" finished-at="2023-06-24T15:57:11Z" duration-ms="3644" status="PASS">
          <reporter-output>
          </reporter-output>
        </test-method> <!-- TC_014_software_development_dropdown_click -->
        <test-method signature="TC_015_Logo_Psp_Tech_Career_click()[pri:0, instance:unitech.unitechConsulting.testCases.Career_page_TC_001@6f01b95f]" started-at="2023-06-24T15:57:11Z" name="TC_015_Logo_Psp_Tech_Career_click" finished-at="2023-06-24T15:57:13Z" duration-ms="1527" status="PASS">
          <reporter-output>
          </reporter-output>
        </test-method> <!-- TC_015_Logo_Psp_Tech_Career_click -->
        <test-method is-config="true" signature="tearDown()[pri:0, instance:unitech.unitechConsulting.testCases.Career_page_TC_001@6f01b95f]" started-at="2023-06-24T15:57:13Z" name="tearDown" finished-at="2023-06-24T15:57:13Z" duration-ms="0" status="PASS">
          <reporter-output>
          </reporter-output>
        </test-method> <!-- tearDown -->
      </class> <!-- unitech.unitechConsulting.testCases.Career_page_TC_001 -->
    </test> <!-- Default test -->
  </suite> <!-- Default suite -->
</testng-results>
